[debug] > Exec(__stopWatch network-3, None, None)
[debug] > Exec(resumeFromFailure, None, None)
[debug] > Exec(__waitWatch network-3, None, None)
[debug] > Exec(sbtCompleteExec 699cab31-a3e2-4e87-a371-cd294a9835a2, None, None)
[debug] > Exec(resumeFromFailure, None, None)
[debug] > Exec(sbtPopOnFailure, None, None)
[debug] > Exec(sbtReportResult 699cab31-a3e2-4e87-a371-cd294a9835a2, Some(699cab31-a3e2-4e87-a371-cd294a9835a2), Some(CommandSource(network-3)))
[debug] unmatched Processing event for requestId Some(699cab31-a3e2-4e87-a371-cd294a9835a2): None
[debug] unmatched json response for requestId Some(699cab31-a3e2-4e87-a371-cd294a9835a2): {"status":"Done","channelName":"network-3","execId":"699cab31-a3e2-4e87-a371-cd294a9835a2","commandQueue":["shell"],"exitCode":0}
[debug] > Exec(shell, None, None)
[debug] jsonRpcRequest: JsonRpcRequestMessage(2.0, 6a1d7e03-4591-4d08-b563-b8eee3c6551b, sbt/terminalCapabilities, {"numeric":"max_colors"}})
[debug] jsonRpcRequest: JsonRpcRequestMessage(2.0, 63ec398b-3833-4493-9624-185490f9ad47, sbt/terminalCapabilities, {"string":"key_a1"}})
[debug] jsonRpcRequest: JsonRpcRequestMessage(2.0, ebd806cb-ef88-40eb-9b95-129e7abf4c87, sbt/terminalCapabilities, {"string":"key_a3"}})
[debug] jsonRpcRequest: JsonRpcRequestMessage(2.0, a6eae945-fdad-428e-a41e-8fff8eaa0c72, sbt/terminalCapabilities, {"string":"key_b2"}})
[debug] jsonRpcRequest: JsonRpcRequestMessage(2.0, e4ce5cd3-8f30-43b3-baa0-c86f6d137a48, sbt/terminalCapabilities, {"string":"key_backspace"}})
[debug] jsonRpcRequest: JsonRpcRequestMessage(2.0, 58abdf4f-3d5d-448b-a26a-5fac6296af17, sbt/terminalCapabilities, {"string":"key_beg"}})
[debug] jsonRpcRequest: JsonRpcRequestMessage(2.0, 9b56259a-f26d-4c0c-815e-61a1df10f03f, sbt/terminalCapabilities, {"string":"key_btab"}})
[debug] jsonRpcRequest: JsonRpcRequestMessage(2.0, b641ea85-4646-484b-8ed5-6ab57e263c65, sbt/terminalCapabilities, {"string":"key_c1"}})
[debug] jsonRpcRequest: JsonRpcRequestMessage(2.0, 37ec3560-d3c0-4eb0-9c96-2d13934c8a3c, sbt/terminalCapabilities, {"string":"key_c3"}})
[debug] jsonRpcRequest: JsonRpcRequestMessage(2.0, 34889b9b-ffac-4e44-9cb6-cd9681a7cda6, sbt/terminalCapabilities, {"string":"key_cancel"}})
[debug] jsonRpcRequest: JsonRpcRequestMessage(2.0, 4d8eb1c4-a06a-46a2-bb8a-eb3250c66d06, sbt/terminalCapabilities, {"string":"key_catab"}})
[debug] jsonRpcRequest: JsonRpcRequestMessage(2.0, 5ea0009f-42e3-4662-bcfc-69fb45867ced, sbt/terminalCapabilities, {"string":"key_clear"}})
[debug] jsonRpcRequest: JsonRpcRequestMessage(2.0, d0828382-8f57-4c1b-8341-6a582e062ab2, sbt/terminalCapabilities, {"string":"key_close"}})
[debug] jsonRpcRequest: JsonRpcRequestMessage(2.0, d3db553b-cd3e-4432-88f0-3f8ced3704f6, sbt/terminalCapabilities, {"string":"key_command"}})
[debug] jsonRpcRequest: JsonRpcRequestMessage(2.0, b814fe18-1265-4805-a15a-46375b468bec, sbt/terminalCapabilities, {"string":"key_copy"}})
[debug] jsonRpcRequest: JsonRpcRequestMessage(2.0, 639d5860-7326-4679-a2f2-158ac5240177, sbt/terminalCapabilities, {"string":"key_create"}})
[debug] jsonRpcRequest: JsonRpcRequestMessage(2.0, e5bbad31-cb4c-44ac-902d-09222fcaa7f3, sbt/terminalCapabilities, {"string":"key_ctab"}})
[debug] jsonRpcRequest: JsonRpcRequestMessage(2.0, f960b4c4-515b-43e2-82ba-df3d5ce0f99f, sbt/terminalCapabilities, {"string":"key_dc"}})
[debug] jsonRpcRequest: JsonRpcRequestMessage(2.0, 828eafc6-2d41-49c3-a6b9-77462dcbaa38, sbt/terminalCapabilities, {"string":"key_dl"}})
[debug] jsonRpcRequest: JsonRpcRequestMessage(2.0, f8cd3ebb-c614-46ea-9487-ef25e431558b, sbt/terminalCapabilities, {"string":"key_down"}})
[debug] jsonRpcRequest: JsonRpcRequestMessage(2.0, 7aab3651-46b4-4784-9030-7e604ac16419, sbt/terminalCapabilities, {"string":"key_eic"}})
[debug] jsonRpcRequest: JsonRpcRequestMessage(2.0, 07b5e175-3b8d-423d-9d54-5f81fe639d63, sbt/terminalCapabilities, {"string":"key_end"}})
[debug] jsonRpcRequest: JsonRpcRequestMessage(2.0, 1ad17404-4371-41b9-aee8-02a40bdc858d, sbt/terminalCapabilities, {"string":"key_enter"}})
[debug] jsonRpcRequest: JsonRpcRequestMessage(2.0, f82cb632-7728-43d1-9f8b-fef71a904f07, sbt/terminalCapabilities, {"string":"key_eol"}})
[debug] jsonRpcRequest: JsonRpcRequestMessage(2.0, 736c0134-323a-4081-9b9b-33d61b8f7864, sbt/terminalCapabilities, {"string":"key_eos"}})
[debug] jsonRpcRequest: JsonRpcRequestMessage(2.0, fba9a068-9ba4-4f5a-b37b-7492cdd2d93c, sbt/terminalCapabilities, {"string":"key_exit"}})
[debug] jsonRpcRequest: JsonRpcRequestMessage(2.0, 6a31e684-7675-4222-9873-546e797354c4, sbt/terminalCapabilities, {"string":"key_f0"}})
[debug] jsonRpcRequest: JsonRpcRequestMessage(2.0, 647e86ac-2816-4955-99f0-a9783eb5d55a, sbt/terminalCapabilities, {"string":"key_f1"}})
[debug] jsonRpcRequest: JsonRpcRequestMessage(2.0, 82f7ec28-30cb-4404-ae00-8738c84d645a, sbt/terminalCapabilities, {"string":"key_f10"}})
[debug] jsonRpcRequest: JsonRpcRequestMessage(2.0, 85124257-f4e5-4afd-a6b8-26ba3e744140, sbt/terminalCapabilities, {"string":"key_f11"}})
[debug] jsonRpcRequest: JsonRpcRequestMessage(2.0, 44bc9848-902e-4ebf-9768-22197ce07c24, sbt/terminalCapabilities, {"string":"key_f12"}})
[debug] jsonRpcRequest: JsonRpcRequestMessage(2.0, 6962911d-9b7f-43eb-a828-d72a454d8925, sbt/terminalCapabilities, {"string":"key_f13"}})
[debug] jsonRpcRequest: JsonRpcRequestMessage(2.0, 2879e9f6-d6ac-4a35-b14e-31207a94c4ea, sbt/terminalCapabilities, {"string":"key_f14"}})
[debug] jsonRpcRequest: JsonRpcRequestMessage(2.0, e82c2883-b60a-4ee0-afe7-ce477adb4d19, sbt/terminalCapabilities, {"string":"key_f15"}})
[debug] jsonRpcRequest: JsonRpcRequestMessage(2.0, 2263c095-f517-4bd4-a344-a76ffea495cb, sbt/terminalCapabilities, {"string":"key_f16"}})
[debug] jsonRpcRequest: JsonRpcRequestMessage(2.0, 4d9a35b3-74ab-4ebf-af53-2d9d8b262386, sbt/terminalCapabilities, {"string":"key_f17"}})
[debug] jsonRpcRequest: JsonRpcRequestMessage(2.0, d23d99bc-07f1-4678-a043-a95d34c9c092, sbt/terminalCapabilities, {"string":"key_f18"}})
[debug] jsonRpcRequest: JsonRpcRequestMessage(2.0, 5b4d4339-81f1-4481-b6dd-7f749f8ea7ac, sbt/terminalCapabilities, {"string":"key_f19"}})
[debug] jsonRpcRequest: JsonRpcRequestMessage(2.0, e34390ab-5074-46e5-ae7c-10331e851ba7, sbt/terminalCapabilities, {"string":"key_f2"}})
[debug] jsonRpcRequest: JsonRpcRequestMessage(2.0, 7ea4cf00-ca63-4c09-9013-32adde89afc6, sbt/terminalCapabilities, {"string":"key_f20"}})
[debug] jsonRpcRequest: JsonRpcRequestMessage(2.0, 8b13768d-dd84-4ae8-bcba-98c51cad8f53, sbt/terminalCapabilities, {"string":"key_f21"}})
[debug] jsonRpcRequest: JsonRpcRequestMessage(2.0, c0d4efe5-6eaf-4be2-a639-97a114ede628, sbt/terminalCapabilities, {"string":"key_f22"}})
[debug] jsonRpcRequest: JsonRpcRequestMessage(2.0, 31abdba3-e92c-4fd9-94a7-87d6a56fb85d, sbt/terminalCapabilities, {"string":"key_f23"}})
[debug] jsonRpcRequest: JsonRpcRequestMessage(2.0, 53a1f909-78bb-4774-92ea-a73d7feb4f06, sbt/terminalCapabilities, {"string":"key_f24"}})
[debug] jsonRpcRequest: JsonRpcRequestMessage(2.0, e0ede830-ed3c-4a3a-b58b-763faa4cad58, sbt/terminalCapabilities, {"string":"key_f25"}})
[debug] jsonRpcRequest: JsonRpcRequestMessage(2.0, 7ae7a759-af25-48c6-b5d2-25effa0365e5, sbt/terminalCapabilities, {"string":"key_f26"}})
[debug] jsonRpcRequest: JsonRpcRequestMessage(2.0, 0982eb34-8beb-47fd-ad4d-752d031ff7a2, sbt/terminalCapabilities, {"string":"key_f27"}})
[debug] jsonRpcRequest: JsonRpcRequestMessage(2.0, 07cb7b54-4ada-41b7-8113-4552aed95965, sbt/terminalCapabilities, {"string":"key_f28"}})
[debug] jsonRpcRequest: JsonRpcRequestMessage(2.0, 25d9cada-42ee-48b8-9b90-42e857a4f40c, sbt/terminalCapabilities, {"string":"key_f29"}})
[debug] jsonRpcRequest: JsonRpcRequestMessage(2.0, 693f0171-db0d-4b29-935b-9b7e7477ef50, sbt/terminalCapabilities, {"string":"key_f3"}})
[debug] jsonRpcRequest: JsonRpcRequestMessage(2.0, 0752186c-5640-433d-baad-8367e1d3d012, sbt/terminalCapabilities, {"string":"key_f30"}})
[debug] jsonRpcRequest: JsonRpcRequestMessage(2.0, 30beee2c-ec68-4f2c-879f-3ff590f8b00c, sbt/terminalCapabilities, {"string":"key_f31"}})
[debug] jsonRpcRequest: JsonRpcRequestMessage(2.0, 90b90b7a-f60e-4e29-adef-218fd2e5e27a, sbt/terminalCapabilities, {"string":"key_f32"}})
[debug] jsonRpcRequest: JsonRpcRequestMessage(2.0, 9d5568a8-c391-4ac7-8ea5-da46b19dcadd, sbt/terminalCapabilities, {"string":"key_f33"}})
[debug] jsonRpcRequest: JsonRpcRequestMessage(2.0, 50193a6f-8f6b-427f-ba40-13b0701338fd, sbt/terminalCapabilities, {"string":"key_f34"}})
[debug] jsonRpcRequest: JsonRpcRequestMessage(2.0, 7c6d7ad3-393a-4d2a-b026-3a00e0e72ac5, sbt/terminalCapabilities, {"string":"key_f35"}})
[debug] jsonRpcRequest: JsonRpcRequestMessage(2.0, f1a213c8-20d4-4b4b-993b-be42e8ba5e75, sbt/terminalCapabilities, {"string":"key_f36"}})
[debug] jsonRpcRequest: JsonRpcRequestMessage(2.0, 7a817a2c-c70a-442e-85d0-2c112dcf922d, sbt/terminalCapabilities, {"string":"key_f37"}})
[debug] jsonRpcRequest: JsonRpcRequestMessage(2.0, 3e05720a-ff83-4d71-9620-f811b74835f9, sbt/terminalCapabilities, {"string":"key_f38"}})
[debug] jsonRpcRequest: JsonRpcRequestMessage(2.0, cb50f4da-4cb2-4de7-8ee0-308292b831a4, sbt/terminalCapabilities, {"string":"key_f39"}})
[debug] jsonRpcRequest: JsonRpcRequestMessage(2.0, 3536398d-e40f-45c6-89f8-e7beb0d42a34, sbt/terminalCapabilities, {"string":"key_f4"}})
[debug] jsonRpcRequest: JsonRpcRequestMessage(2.0, aaddffec-f74d-49c0-a5ae-c296175af69f, sbt/terminalCapabilities, {"string":"key_f40"}})
[debug] jsonRpcRequest: JsonRpcRequestMessage(2.0, c9784dac-6d3c-44cb-813a-676be93a8d4e, sbt/terminalCapabilities, {"string":"key_f41"}})
[debug] jsonRpcRequest: JsonRpcRequestMessage(2.0, 3fbbd0ec-4075-48cd-8586-dade35687b1e, sbt/terminalCapabilities, {"string":"key_f42"}})
[debug] jsonRpcRequest: JsonRpcRequestMessage(2.0, 2c90914e-df43-498c-8db3-649fab9b4204, sbt/terminalCapabilities, {"string":"key_f43"}})
[debug] jsonRpcRequest: JsonRpcRequestMessage(2.0, 291106d2-e4ae-477b-9024-adecba936867, sbt/terminalCapabilities, {"string":"key_f44"}})
[debug] jsonRpcRequest: JsonRpcRequestMessage(2.0, 63a88723-d534-40ea-86ab-9cc6922cf043, sbt/terminalCapabilities, {"string":"key_f45"}})
[debug] jsonRpcRequest: JsonRpcRequestMessage(2.0, 8cb13fc2-fa3c-48f7-88c4-d01d7ed85247, sbt/terminalCapabilities, {"string":"key_f46"}})
[debug] jsonRpcRequest: JsonRpcRequestMessage(2.0, 7255f03a-2068-4b5e-b0b2-817b47794cab, sbt/terminalCapabilities, {"string":"key_f47"}})
[debug] jsonRpcRequest: JsonRpcRequestMessage(2.0, aaf8fd4e-5529-462c-84eb-06b031100043, sbt/terminalCapabilities, {"string":"key_f48"}})
[debug] jsonRpcRequest: JsonRpcRequestMessage(2.0, 92a39ab2-7857-4eed-8492-929ca2e740f7, sbt/terminalCapabilities, {"string":"key_f49"}})
[debug] jsonRpcRequest: JsonRpcRequestMessage(2.0, 84258b6e-70f8-492e-b914-f1c1f01a2b28, sbt/terminalCapabilities, {"string":"key_f5"}})
[debug] jsonRpcRequest: JsonRpcRequestMessage(2.0, 1d1b78bd-ca5d-4fcf-a957-ab0aaa0feaba, sbt/terminalCapabilities, {"string":"key_f50"}})
[debug] jsonRpcRequest: JsonRpcRequestMessage(2.0, 4ee7f535-57cd-4124-b19e-e0a8fc9da3b1, sbt/terminalCapabilities, {"string":"key_f51"}})
[debug] jsonRpcRequest: JsonRpcRequestMessage(2.0, 8d8bdcd0-68d7-4f1b-96f3-81e56a898c5c, sbt/terminalCapabilities, {"string":"key_f52"}})
[debug] jsonRpcRequest: JsonRpcRequestMessage(2.0, 1288a895-4f96-4020-bf22-f7d5f6ec7052, sbt/terminalCapabilities, {"string":"key_f53"}})
[debug] jsonRpcRequest: JsonRpcRequestMessage(2.0, 4ed7f63e-459f-4199-ba49-5b64d28f9483, sbt/terminalCapabilities, {"string":"key_f54"}})
[debug] jsonRpcRequest: JsonRpcRequestMessage(2.0, 2f2814dc-4866-4a62-b81d-7e622ddf8856, sbt/terminalCapabilities, {"string":"key_f55"}})
[debug] jsonRpcRequest: JsonRpcRequestMessage(2.0, 30365e7e-6303-4107-a9bc-3057e64ccdb3, sbt/terminalCapabilities, {"string":"key_f56"}})
[debug] jsonRpcRequest: JsonRpcRequestMessage(2.0, d2cf2cd2-0fd0-4536-ba7b-3e9a19a4cd42, sbt/terminalCapabilities, {"string":"key_f57"}})
[debug] jsonRpcRequest: JsonRpcRequestMessage(2.0, 24f7a573-31dc-433a-bffa-9698e79d8e5d, sbt/terminalCapabilities, {"string":"key_f58"}})
[debug] jsonRpcRequest: JsonRpcRequestMessage(2.0, 0f62941e-1c19-4375-8de3-59b5423fe006, sbt/terminalCapabilities, {"string":"key_f59"}})
[debug] jsonRpcRequest: JsonRpcRequestMessage(2.0, c08c01dc-d23f-483d-b24b-2bd1ecbd7eaf, sbt/terminalCapabilities, {"string":"key_f6"}})
[debug] jsonRpcRequest: JsonRpcRequestMessage(2.0, 19d79ecb-556a-446f-9d14-bcb2717cbc51, sbt/terminalCapabilities, {"string":"key_f60"}})
[debug] jsonRpcRequest: JsonRpcRequestMessage(2.0, e6ea5eb1-baab-4b9a-9e8d-6016008294a5, sbt/terminalCapabilities, {"string":"key_f61"}})
[debug] jsonRpcRequest: JsonRpcRequestMessage(2.0, b01d084d-bdc8-41b4-8ab1-c1d8b7105e6d, sbt/terminalCapabilities, {"string":"key_f62"}})
[debug] jsonRpcRequest: JsonRpcRequestMessage(2.0, ed8b4e31-362c-4bcb-a543-261711fa7f5c, sbt/terminalCapabilities, {"string":"key_f63"}})
[debug] jsonRpcRequest: JsonRpcRequestMessage(2.0, 103a7032-24eb-4566-9173-acea5c88d517, sbt/terminalCapabilities, {"string":"key_f7"}})
[debug] jsonRpcRequest: JsonRpcRequestMessage(2.0, 3fe2bc78-1ac2-4973-ae8c-e34f16e00335, sbt/terminalCapabilities, {"string":"key_f8"}})
[debug] jsonRpcRequest: JsonRpcRequestMessage(2.0, 46c9268c-6cbf-4020-b9f7-97a156315c32, sbt/terminalCapabilities, {"string":"key_f9"}})
[debug] jsonRpcRequest: JsonRpcRequestMessage(2.0, fc64a440-0fcb-4d1a-8cbf-80fe5cf61d69, sbt/terminalCapabilities, {"string":"key_find"}})
[debug] jsonRpcRequest: JsonRpcRequestMessage(2.0, 237f43dc-7017-4ce0-bcb3-d109512aad64, sbt/terminalCapabilities, {"string":"key_help"}})
[debug] jsonRpcRequest: JsonRpcRequestMessage(2.0, 004e97d6-90e6-496f-8078-a2ffb337fcee, sbt/terminalCapabilities, {"string":"key_home"}})
[debug] jsonRpcRequest: JsonRpcRequestMessage(2.0, 1ad0c0e8-18be-4004-b7f0-d991992065fa, sbt/terminalCapabilities, {"string":"key_ic"}})
[debug] jsonRpcRequest: JsonRpcRequestMessage(2.0, ac2f0e9a-082d-420a-8a44-665b1871b838, sbt/terminalCapabilities, {"string":"key_il"}})
[debug] jsonRpcRequest: JsonRpcRequestMessage(2.0, 125b641b-0356-408f-a62c-823ff09d60ba, sbt/terminalCapabilities, {"string":"key_left"}})
[debug] jsonRpcRequest: JsonRpcRequestMessage(2.0, 721e4277-dacd-40ab-bdac-5c898e807675, sbt/terminalCapabilities, {"string":"key_ll"}})
[debug] jsonRpcRequest: JsonRpcRequestMessage(2.0, 31627a0f-2e64-4fd8-839d-58e87a211d84, sbt/terminalCapabilities, {"string":"key_mark"}})
[debug] jsonRpcRequest: JsonRpcRequestMessage(2.0, d761a211-687c-41dc-960e-ec6cf8f3631c, sbt/terminalCapabilities, {"string":"key_message"}})
[debug] jsonRpcRequest: JsonRpcRequestMessage(2.0, c0c16da3-9095-40ee-87c0-7cd03f3b4ef4, sbt/terminalCapabilities, {"string":"key_move"}})
[debug] jsonRpcRequest: JsonRpcRequestMessage(2.0, 5cb5ecf5-6330-4d28-82a0-2424213fbf49, sbt/terminalCapabilities, {"string":"key_next"}})
[debug] jsonRpcRequest: JsonRpcRequestMessage(2.0, b9d43840-ee85-4752-a3f6-bf71903c36f3, sbt/terminalCapabilities, {"string":"key_npage"}})
[debug] jsonRpcRequest: JsonRpcRequestMessage(2.0, c9c2f102-f518-4819-a95a-4eb1fe6a7256, sbt/terminalCapabilities, {"string":"key_open"}})
[debug] jsonRpcRequest: JsonRpcRequestMessage(2.0, 5e874a9b-1d0a-4c63-8821-d4fa3463d8f5, sbt/terminalCapabilities, {"string":"key_options"}})
[debug] jsonRpcRequest: JsonRpcRequestMessage(2.0, ee600563-a362-4e18-aff2-1325e27b0111, sbt/terminalCapabilities, {"string":"key_ppage"}})
[debug] jsonRpcRequest: JsonRpcRequestMessage(2.0, 10d8c63e-bf9d-4e7f-8fd6-5a7768f6f91d, sbt/terminalCapabilities, {"string":"key_previous"}})
[debug] jsonRpcRequest: JsonRpcRequestMessage(2.0, 99250a69-8814-4004-9936-c9098f2516c9, sbt/terminalCapabilities, {"string":"key_print"}})
[debug] jsonRpcRequest: JsonRpcRequestMessage(2.0, 17faf448-1c3c-4d2d-ad92-8b8f0a398776, sbt/terminalCapabilities, {"string":"key_redo"}})
[debug] jsonRpcRequest: JsonRpcRequestMessage(2.0, cac96d22-6d3a-4556-8a8d-e765c151b91e, sbt/terminalCapabilities, {"string":"key_reference"}})
[debug] jsonRpcRequest: JsonRpcRequestMessage(2.0, 291be72c-f4a6-4d7b-88cb-41b7b579b87e, sbt/terminalCapabilities, {"string":"key_refresh"}})
[debug] jsonRpcRequest: JsonRpcRequestMessage(2.0, 1b4be7da-4641-4c86-b6a1-71b2ecee1790, sbt/terminalCapabilities, {"string":"key_replace"}})
[debug] jsonRpcRequest: JsonRpcRequestMessage(2.0, 1c26cd6c-192a-4506-a0fe-eabd31dfe666, sbt/terminalCapabilities, {"string":"key_restart"}})
[debug] jsonRpcRequest: JsonRpcRequestMessage(2.0, 4a97dd90-7e2a-41c8-b4fc-2b8742439a30, sbt/terminalCapabilities, {"string":"key_resume"}})
[debug] jsonRpcRequest: JsonRpcRequestMessage(2.0, 11057617-eb2d-44d7-8272-fc89f98a8589, sbt/terminalCapabilities, {"string":"key_right"}})
[debug] jsonRpcRequest: JsonRpcRequestMessage(2.0, 869cb917-79ac-4f28-be3f-9708ab4cf9e9, sbt/terminalCapabilities, {"string":"key_save"}})
[debug] jsonRpcRequest: JsonRpcRequestMessage(2.0, f035efbb-84ea-4d0a-bcd2-01d2c34d041a, sbt/terminalCapabilities, {"string":"key_sbeg"}})
[debug] jsonRpcRequest: JsonRpcRequestMessage(2.0, e311c961-f40c-42f0-aeb9-5acc1c5f234b, sbt/terminalCapabilities, {"string":"key_scancel"}})
[debug] jsonRpcRequest: JsonRpcRequestMessage(2.0, 46cf1c94-54a5-45e7-b3b3-90be6bbc0dde, sbt/terminalCapabilities, {"string":"key_scommand"}})
[debug] jsonRpcRequest: JsonRpcRequestMessage(2.0, 6cffa239-b2e9-4043-95a1-27a0da885f47, sbt/terminalCapabilities, {"string":"key_scopy"}})
[debug] jsonRpcRequest: JsonRpcRequestMessage(2.0, 714693b7-9b7f-4682-acd4-22e83870da6c, sbt/terminalCapabilities, {"string":"key_screate"}})
[debug] jsonRpcRequest: JsonRpcRequestMessage(2.0, 9dbdc454-7c88-4ebe-89cb-2f32201ee1d3, sbt/terminalCapabilities, {"string":"key_sdc"}})
[debug] jsonRpcRequest: JsonRpcRequestMessage(2.0, b3959096-553e-498d-9675-189999da3f90, sbt/terminalCapabilities, {"string":"key_sdl"}})
[debug] jsonRpcRequest: JsonRpcRequestMessage(2.0, be44b545-04e8-4643-9c01-8f0bd0a7a028, sbt/terminalCapabilities, {"string":"key_select"}})
[debug] jsonRpcRequest: JsonRpcRequestMessage(2.0, 19937808-bcea-40da-a162-63b045d7c520, sbt/terminalCapabilities, {"string":"key_send"}})
[debug] jsonRpcRequest: JsonRpcRequestMessage(2.0, 65017e46-2f94-4063-b864-37ac71b33d94, sbt/terminalCapabilities, {"string":"key_seol"}})
[debug] jsonRpcRequest: JsonRpcRequestMessage(2.0, 0ddce34e-1199-46af-8ec3-72326fba8036, sbt/terminalCapabilities, {"string":"key_sexit"}})
[debug] jsonRpcRequest: JsonRpcRequestMessage(2.0, 7bd60f0a-f2d6-4fc8-b5d0-b1cea9637cf8, sbt/terminalCapabilities, {"string":"key_sf"}})
[debug] jsonRpcRequest: JsonRpcRequestMessage(2.0, 96f77bc9-25e1-4746-ad40-96b2101842aa, sbt/terminalCapabilities, {"string":"key_sfind"}})
[debug] jsonRpcRequest: JsonRpcRequestMessage(2.0, 1eeadc65-8152-4fe9-864b-dbcc5d7a2b11, sbt/terminalCapabilities, {"string":"key_shelp"}})
[debug] jsonRpcRequest: JsonRpcRequestMessage(2.0, a9917f21-b4e5-42e3-9391-528aa4d71a1e, sbt/terminalCapabilities, {"string":"key_shome"}})
[debug] jsonRpcRequest: JsonRpcRequestMessage(2.0, e9c9f619-12b3-4920-9be4-19c6156198f0, sbt/terminalCapabilities, {"string":"key_sic"}})
[debug] jsonRpcRequest: JsonRpcRequestMessage(2.0, a1382993-c54d-4aec-9fc1-9e8f7a8bbe54, sbt/terminalCapabilities, {"string":"key_sleft"}})
[debug] jsonRpcRequest: JsonRpcRequestMessage(2.0, a7a03daa-7149-48a9-a7b7-6b27e13fa0a0, sbt/terminalCapabilities, {"string":"key_smessage"}})
[debug] jsonRpcRequest: JsonRpcRequestMessage(2.0, 493dc179-1053-44aa-bd23-1457899cc420, sbt/terminalCapabilities, {"string":"key_smove"}})
[debug] jsonRpcRequest: JsonRpcRequestMessage(2.0, f16db5ee-dc81-4e38-beae-038ee71c29cc, sbt/terminalCapabilities, {"string":"key_snext"}})
[debug] jsonRpcRequest: JsonRpcRequestMessage(2.0, 89cc1b12-df27-4d63-b4da-f52c43096bf1, sbt/terminalCapabilities, {"string":"key_soptions"}})
[debug] jsonRpcRequest: JsonRpcRequestMessage(2.0, 0b2af4f4-79a4-4b76-b355-b44e2faa225e, sbt/terminalCapabilities, {"string":"key_sprevious"}})
[debug] jsonRpcRequest: JsonRpcRequestMessage(2.0, ef68dc1a-3599-4a38-a6a2-311a0111ce10, sbt/terminalCapabilities, {"string":"key_sprint"}})
[debug] jsonRpcRequest: JsonRpcRequestMessage(2.0, c8903a2b-c66e-43d6-af06-aa3a3d0d77ff, sbt/terminalCapabilities, {"string":"key_sr"}})
[debug] jsonRpcRequest: JsonRpcRequestMessage(2.0, 9274edbc-bc1d-4153-a217-de53a2e99699, sbt/terminalCapabilities, {"string":"key_sredo"}})
[debug] jsonRpcRequest: JsonRpcRequestMessage(2.0, 3601da23-dbed-4cc2-b04c-5c02f0bac742, sbt/terminalCapabilities, {"string":"key_sreplace"}})
[debug] jsonRpcRequest: JsonRpcRequestMessage(2.0, 40a63515-c873-4c5b-bb1b-9e57c32c58ba, sbt/terminalCapabilities, {"string":"key_sright"}})
[debug] jsonRpcRequest: JsonRpcRequestMessage(2.0, 95081fad-f25d-46eb-9b0f-917c5514f7de, sbt/terminalCapabilities, {"string":"key_srsume"}})
[debug] jsonRpcRequest: JsonRpcRequestMessage(2.0, 1a60bd11-bc72-4624-915d-5f488ae0f9ba, sbt/terminalCapabilities, {"string":"key_ssave"}})
[debug] jsonRpcRequest: JsonRpcRequestMessage(2.0, 3ebdc36f-9ba6-44b5-afbc-d47103557c86, sbt/terminalCapabilities, {"string":"key_ssuspend"}})
[debug] jsonRpcRequest: JsonRpcRequestMessage(2.0, 07351393-fcc7-4077-a001-8e90de0dbf7d, sbt/terminalCapabilities, {"string":"key_stab"}})
[debug] jsonRpcRequest: JsonRpcRequestMessage(2.0, 45a9b1fa-29df-4c53-bc19-1c59171c286a, sbt/terminalCapabilities, {"string":"key_sundo"}})
[debug] jsonRpcRequest: JsonRpcRequestMessage(2.0, 587cd05b-6243-46c9-b5b7-92492b675f95, sbt/terminalCapabilities, {"string":"key_suspend"}})
[debug] jsonRpcRequest: JsonRpcRequestMessage(2.0, 73653659-db93-43fd-b84b-3fc3731003c5, sbt/terminalCapabilities, {"string":"key_undo"}})
[debug] jsonRpcRequest: JsonRpcRequestMessage(2.0, 4a0c62c5-68fa-4e1c-962d-d4c2e9b861a5, sbt/terminalCapabilities, {"string":"key_up"}})
[debug] jsonRpcRequest: JsonRpcRequestMessage(2.0, 77cbc10f-01a0-4260-84c7-c094ed304fa2, sbt/terminalCapabilities, {"string":"key_mouse"}})
[debug] jsonRpcRequest: JsonRpcRequestMessage(2.0, bcb4f0b3-4236-4e91-8255-c810401da979, sbt/terminalCapabilities, {"string":"key_up"}})
[debug] jsonRpcRequest: JsonRpcRequestMessage(2.0, 14092fd6-f62f-460c-a5af-58e3b4d21fe6, sbt/terminalCapabilities, {"string":"key_down"}})
[debug] jsonRpcRequest: JsonRpcRequestMessage(2.0, 20bdcec6-451a-4f63-af96-c02ae6cbd5c7, sbt/terminalCapabilities, {"string":"key_left"}})
[debug] jsonRpcRequest: JsonRpcRequestMessage(2.0, a2cb9944-8ed2-43e5-8cb5-e204c3aa64e0, sbt/terminalCapabilities, {"string":"key_right"}})
[debug] jsonRpcRequest: JsonRpcRequestMessage(2.0, b94c9c77-5e1e-49d9-a6b2-a2f0b7305d17, sbt/terminalCapabilities, {"string":"key_home"}})
[debug] jsonRpcRequest: JsonRpcRequestMessage(2.0, e45f5cfe-e32a-4409-b751-6a463b828c11, sbt/terminalCapabilities, {"string":"key_end"}})
[debug] jsonRpcRequest: JsonRpcRequestMessage(2.0, ef575835-4515-43e6-87d9-d93684b1647a, sbt/terminalCapabilities, {"string":"key_dc"}})
[debug] jsonRpcRequest: JsonRpcRequestMessage(2.0, d1837a8b-75ce-423d-83ed-d206f4e783ce, sbt/terminalCapabilities, {"string":"key_dl"}})
[debug] jsonRpcRequest: JsonRpcRequestMessage(2.0, 6806b1b4-0c6f-48de-9f6f-b04f095aa835, sbt/terminalCapabilities, {"string":"key_ic"}})
[debug] jsonRpcRequest: JsonRpcRequestMessage(2.0, 0b1aa303-c3ac-482d-95e9-362dd3f57cce, sbt/terminalCapabilities, {"string":"key_mouse"}})
[debug] jsonRpcRequest: JsonRpcRequestMessage(2.0, 306569fe-bf54-4d9d-a4fa-d8320670ece8, sbt/terminalCapabilities, {"string":"key_right"}})
[debug] jsonRpcRequest: JsonRpcRequestMessage(2.0, f9854cbc-42bd-40a6-82db-63f4df360191, sbt/terminalCapabilities, {"string":"key_left"}})
[debug] jsonRpcRequest: JsonRpcRequestMessage(2.0, f9a5090b-2edc-42f8-a936-56d2fc1dab62, sbt/terminalCapabilities, {"string":"key_up"}})
[debug] jsonRpcRequest: JsonRpcRequestMessage(2.0, 046df0d3-ccb6-4f3e-be5e-9871edb526e4, sbt/terminalCapabilities, {"string":"key_down"}})
[debug] jsonRpcRequest: JsonRpcRequestMessage(2.0, d3914503-e6a7-42d7-945d-22b2be6da73f, sbt/terminalCapabilities, {"string":"key_left"}})
[debug] jsonRpcRequest: JsonRpcRequestMessage(2.0, 63dbcd60-18d4-4181-a66b-06da2f7899b1, sbt/terminalCapabilities, {"string":"key_right"}})
[debug] jsonRpcRequest: JsonRpcRequestMessage(2.0, fd20bc5c-df6f-4eb2-89da-7a7f68e0af13, sbt/terminalCapabilities, {"string":"key_home"}})
[debug] jsonRpcRequest: JsonRpcRequestMessage(2.0, fed13642-655b-43f0-b06b-079b3b4fb724, sbt/terminalCapabilities, {"string":"key_end"}})
[debug] jsonRpcRequest: JsonRpcRequestMessage(2.0, d654eb6a-ef82-4f40-8902-6423c2381dca, sbt/terminalCapabilities, {"string":"key_dc"}})
[debug] jsonRpcRequest: JsonRpcRequestMessage(2.0, f366ccdf-8f81-4f39-aecb-10c6b29ed3a9, sbt/terminalCapabilities, {"string":"key_dl"}})
[debug] jsonRpcRequest: JsonRpcRequestMessage(2.0, 8a6d44fe-8cac-4eea-ac76-3e38f90d6cf2, sbt/terminalCapabilities, {"string":"key_ic"}})
[debug] jsonRpcRequest: JsonRpcRequestMessage(2.0, 95291a7c-4a5a-409a-af7a-5e48737cca51, sbt/terminalCapabilities, {"string":"key_mouse"}})
[debug] jsonRpcRequest: JsonRpcRequestMessage(2.0, 220b8416-9c33-487d-921b-64b956b0dc4c, sbt/terminalCapabilities, {"string":"key_a1"}})
[debug] jsonRpcRequest: JsonRpcRequestMessage(2.0, 087aae4e-0803-4b4e-84c3-4f894dadbed5, sbt/terminalCapabilities, {"string":"key_a3"}})
[debug] jsonRpcRequest: JsonRpcRequestMessage(2.0, ca099cc9-879c-4bbb-8257-4ef1f0bff826, sbt/terminalCapabilities, {"string":"key_b2"}})
[debug] jsonRpcRequest: JsonRpcRequestMessage(2.0, ed84a13d-abf6-45ec-9e31-fc6efdf2c7ef, sbt/terminalCapabilities, {"string":"key_backspace"}})
[debug] jsonRpcRequest: JsonRpcRequestMessage(2.0, 918a4481-0cdc-4d1c-9981-bbffd84c2aa8, sbt/terminalCapabilities, {"string":"key_beg"}})
[debug] jsonRpcRequest: JsonRpcRequestMessage(2.0, eae37a96-46c8-4ce1-a906-180468b31670, sbt/terminalCapabilities, {"string":"key_btab"}})
[debug] jsonRpcRequest: JsonRpcRequestMessage(2.0, 0bef7ddd-fc85-49da-9884-0b21defffb99, sbt/terminalCapabilities, {"string":"key_c1"}})
[debug] jsonRpcRequest: JsonRpcRequestMessage(2.0, c9a7b4a7-d304-4ea1-a471-bab396f0de4d, sbt/terminalCapabilities, {"string":"key_c3"}})
[debug] jsonRpcRequest: JsonRpcRequestMessage(2.0, d4039514-b5d4-44a1-ae63-c2e73914ac74, sbt/terminalCapabilities, {"string":"key_cancel"}})
[debug] jsonRpcRequest: JsonRpcRequestMessage(2.0, 81f5a52e-e104-43f0-aa16-9642a008de36, sbt/terminalCapabilities, {"string":"key_catab"}})
[debug] jsonRpcRequest: JsonRpcRequestMessage(2.0, 619aff35-1763-4df8-a3a4-8667157c57fd, sbt/terminalCapabilities, {"string":"key_clear"}})
[debug] jsonRpcRequest: JsonRpcRequestMessage(2.0, a49b98ce-6c75-4d3b-b014-043b10e37b72, sbt/terminalCapabilities, {"string":"key_close"}})
[debug] jsonRpcRequest: JsonRpcRequestMessage(2.0, eefeb39c-3523-40e4-9c63-7e7e31ebfafe, sbt/terminalCapabilities, {"string":"key_command"}})
[debug] jsonRpcRequest: JsonRpcRequestMessage(2.0, 2ab47055-c2df-4b3c-b528-d5336e90ed9d, sbt/terminalCapabilities, {"string":"key_copy"}})
[debug] jsonRpcRequest: JsonRpcRequestMessage(2.0, e11fba51-23e7-40db-a708-7a896025a7a4, sbt/terminalCapabilities, {"string":"key_create"}})
[debug] jsonRpcRequest: JsonRpcRequestMessage(2.0, c35bfd0c-9463-4278-8d8d-d11101eacb93, sbt/terminalCapabilities, {"string":"key_ctab"}})
[debug] jsonRpcRequest: JsonRpcRequestMessage(2.0, f59813ff-f069-46c7-a08a-ed6015c1a73b, sbt/terminalCapabilities, {"string":"key_dc"}})
[debug] jsonRpcRequest: JsonRpcRequestMessage(2.0, 951cfca2-a366-4e9b-85f2-b73cc7a96a01, sbt/terminalCapabilities, {"string":"key_dl"}})
[debug] jsonRpcRequest: JsonRpcRequestMessage(2.0, 9f9ebdbb-d3b1-4265-99ed-f9905e9001e6, sbt/terminalCapabilities, {"string":"key_down"}})
[debug] jsonRpcRequest: JsonRpcRequestMessage(2.0, ee89897e-fcc2-452d-9cf0-9d323c6eb84d, sbt/terminalCapabilities, {"string":"key_eic"}})
[debug] jsonRpcRequest: JsonRpcRequestMessage(2.0, 6d3863e2-c7bd-4189-9255-ccab319831c5, sbt/terminalCapabilities, {"string":"key_end"}})
[debug] jsonRpcRequest: JsonRpcRequestMessage(2.0, eef12a17-e600-4190-9b71-c24b218a36b3, sbt/terminalCapabilities, {"string":"key_enter"}})
[debug] jsonRpcRequest: JsonRpcRequestMessage(2.0, 27b872fa-63af-427e-b2e0-e35081055c64, sbt/terminalCapabilities, {"string":"key_eol"}})
[debug] jsonRpcRequest: JsonRpcRequestMessage(2.0, 11442216-ecf1-4a79-a917-0f7ac20d0261, sbt/terminalCapabilities, {"string":"key_eos"}})
[debug] jsonRpcRequest: JsonRpcRequestMessage(2.0, ea6d9e0b-3fd6-41bc-a0d6-252c6b498963, sbt/terminalCapabilities, {"string":"key_exit"}})
[debug] jsonRpcRequest: JsonRpcRequestMessage(2.0, 413f8e3d-a4a3-4862-86d1-caca53abe97d, sbt/terminalCapabilities, {"string":"key_f0"}})
[debug] jsonRpcRequest: JsonRpcRequestMessage(2.0, 4d71e12e-7560-4f57-9bdf-03aea58b32cc, sbt/terminalCapabilities, {"string":"key_f1"}})
[debug] jsonRpcRequest: JsonRpcRequestMessage(2.0, f186a146-96e3-46c4-9b2b-c8fa7102056e, sbt/terminalCapabilities, {"string":"key_f10"}})
[debug] jsonRpcRequest: JsonRpcRequestMessage(2.0, ca3f57ee-bb4c-430f-a4ae-a0c7abe6da43, sbt/terminalCapabilities, {"string":"key_f11"}})
[debug] jsonRpcRequest: JsonRpcRequestMessage(2.0, 956c7a1a-f613-465a-9b94-1680d17f962f, sbt/terminalCapabilities, {"string":"key_f12"}})
[debug] jsonRpcRequest: JsonRpcRequestMessage(2.0, bb275b14-b34a-4b76-8afb-82fdd8fd5ee2, sbt/terminalCapabilities, {"string":"key_f13"}})
[debug] jsonRpcRequest: JsonRpcRequestMessage(2.0, 41e46172-7170-4f30-9a6b-fc25c57d4718, sbt/terminalCapabilities, {"string":"key_f14"}})
[debug] jsonRpcRequest: JsonRpcRequestMessage(2.0, c376337c-676c-43f6-9667-e2bee354b52c, sbt/terminalCapabilities, {"string":"key_f15"}})
[debug] jsonRpcRequest: JsonRpcRequestMessage(2.0, ffd730ae-4b71-4ee4-946e-59475677aa27, sbt/terminalCapabilities, {"string":"key_f16"}})
[debug] jsonRpcRequest: JsonRpcRequestMessage(2.0, cadbf034-2392-4337-842a-f7ecee2f2e16, sbt/terminalCapabilities, {"string":"key_f17"}})
[debug] jsonRpcRequest: JsonRpcRequestMessage(2.0, 0262ba85-96fc-44a2-a780-9a7719acbec0, sbt/terminalCapabilities, {"string":"key_f18"}})
[debug] jsonRpcRequest: JsonRpcRequestMessage(2.0, 4225f653-df4d-47c8-bff3-22ce8145db3c, sbt/terminalCapabilities, {"string":"key_f19"}})
[debug] jsonRpcRequest: JsonRpcRequestMessage(2.0, d0308045-2b98-4bc4-ad5a-48de3b32a248, sbt/terminalCapabilities, {"string":"key_f2"}})
[debug] jsonRpcRequest: JsonRpcRequestMessage(2.0, c7d3268c-bae8-4135-bea4-89bed1e01b11, sbt/terminalCapabilities, {"string":"key_f20"}})
[debug] jsonRpcRequest: JsonRpcRequestMessage(2.0, b262d2cd-8ac5-4817-8b81-d06656ce3029, sbt/terminalCapabilities, {"string":"key_f21"}})
[debug] jsonRpcRequest: JsonRpcRequestMessage(2.0, d7b72981-f4d4-4bb3-8f68-845f2f9c5ce9, sbt/terminalCapabilities, {"string":"key_f22"}})
[debug] jsonRpcRequest: JsonRpcRequestMessage(2.0, 16398de1-3ba2-4cd1-bd22-2eeb73d90b39, sbt/terminalCapabilities, {"string":"key_f23"}})
[debug] jsonRpcRequest: JsonRpcRequestMessage(2.0, e59ad831-57e3-408a-a7c0-ede6cdf39d5e, sbt/terminalCapabilities, {"string":"key_f24"}})
[debug] jsonRpcRequest: JsonRpcRequestMessage(2.0, 181d17e9-9637-4726-ad34-5ff06de0e6ea, sbt/terminalCapabilities, {"string":"key_f25"}})
[debug] jsonRpcRequest: JsonRpcRequestMessage(2.0, f7af1934-7f78-4c1f-9574-b2c129c4fd11, sbt/terminalCapabilities, {"string":"key_f26"}})
[debug] jsonRpcRequest: JsonRpcRequestMessage(2.0, f50e1422-3873-4166-b80e-d06c7bcfb0da, sbt/terminalCapabilities, {"string":"key_f27"}})
[debug] jsonRpcRequest: JsonRpcRequestMessage(2.0, 1feb871e-a74c-4763-9e68-5c2fff0868ce, sbt/terminalCapabilities, {"string":"key_f28"}})
[debug] jsonRpcRequest: JsonRpcRequestMessage(2.0, bc7f3e06-fc0e-4b0d-9c50-24d113243f09, sbt/terminalCapabilities, {"string":"key_f29"}})
[debug] jsonRpcRequest: JsonRpcRequestMessage(2.0, 17d95535-ad5c-430f-870b-d48f116fc62a, sbt/terminalCapabilities, {"string":"key_f3"}})
[debug] jsonRpcRequest: JsonRpcRequestMessage(2.0, 9c4c4707-f581-4d70-8f41-6297d26b2d59, sbt/terminalCapabilities, {"string":"key_f30"}})
[debug] jsonRpcRequest: JsonRpcRequestMessage(2.0, 78843fc3-ed09-4d79-9cd2-d9ce6b470dd5, sbt/terminalCapabilities, {"string":"key_f31"}})
[debug] jsonRpcRequest: JsonRpcRequestMessage(2.0, 41c94fb5-332b-457a-b0dd-13dcc9c8fbc7, sbt/terminalCapabilities, {"string":"key_f32"}})
[debug] jsonRpcRequest: JsonRpcRequestMessage(2.0, 29518f56-c39b-4bb3-8687-8414820a12a6, sbt/terminalCapabilities, {"string":"key_f33"}})
[debug] jsonRpcRequest: JsonRpcRequestMessage(2.0, 7080da84-06fb-42b7-80e4-42cb6e16e04d, sbt/terminalCapabilities, {"string":"key_f34"}})
[debug] jsonRpcRequest: JsonRpcRequestMessage(2.0, ac082fc1-c52c-4495-9a18-f1856ca023cc, sbt/terminalCapabilities, {"string":"key_f35"}})
[debug] jsonRpcRequest: JsonRpcRequestMessage(2.0, 4af1f14a-848c-4cd4-b765-94f1dd73306f, sbt/terminalCapabilities, {"string":"key_f36"}})
[debug] jsonRpcRequest: JsonRpcRequestMessage(2.0, 90657f04-f89b-49c5-8ba9-0ccf07c05063, sbt/terminalCapabilities, {"string":"key_f37"}})
[debug] jsonRpcRequest: JsonRpcRequestMessage(2.0, 0ec7030b-fc60-46bc-8251-70d2939513d0, sbt/terminalCapabilities, {"string":"key_f38"}})
[debug] jsonRpcRequest: JsonRpcRequestMessage(2.0, 41199d5b-8eb4-4640-a441-25caa36369c2, sbt/terminalCapabilities, {"string":"key_f39"}})
[debug] jsonRpcRequest: JsonRpcRequestMessage(2.0, e666d90f-1003-4ffa-a425-d26d61ee8258, sbt/terminalCapabilities, {"string":"key_f4"}})
[debug] jsonRpcRequest: JsonRpcRequestMessage(2.0, ec80d37c-3d6d-4cfa-8243-6bf09f1d01b9, sbt/terminalCapabilities, {"string":"key_f40"}})
[debug] jsonRpcRequest: JsonRpcRequestMessage(2.0, fd9fea23-4297-4383-b709-2f474b392ad2, sbt/terminalCapabilities, {"string":"key_f41"}})
[debug] jsonRpcRequest: JsonRpcRequestMessage(2.0, 14d26388-d2b6-44c5-a245-94c5aafb6a81, sbt/terminalCapabilities, {"string":"key_f42"}})
[debug] jsonRpcRequest: JsonRpcRequestMessage(2.0, 606fc140-e2ef-4c44-9dcc-44ad5f520410, sbt/terminalCapabilities, {"string":"key_f43"}})
[debug] jsonRpcRequest: JsonRpcRequestMessage(2.0, 16cbb374-ac9e-4c61-9454-cfd07c05cea3, sbt/terminalCapabilities, {"string":"key_f44"}})
[debug] jsonRpcRequest: JsonRpcRequestMessage(2.0, 6949cd5b-05ae-4579-8629-0c9777f150fb, sbt/terminalCapabilities, {"string":"key_f45"}})
[debug] jsonRpcRequest: JsonRpcRequestMessage(2.0, 4d65eeca-c996-4162-bfbf-1c19ca19d2e8, sbt/terminalCapabilities, {"string":"key_f46"}})
[debug] jsonRpcRequest: JsonRpcRequestMessage(2.0, 11cc087a-a7bb-4021-8be2-536e7040ec2f, sbt/terminalCapabilities, {"string":"key_f47"}})
[debug] jsonRpcRequest: JsonRpcRequestMessage(2.0, 58db5c41-293a-4bbf-b976-68987e1f338b, sbt/terminalCapabilities, {"string":"key_f48"}})
[debug] jsonRpcRequest: JsonRpcRequestMessage(2.0, 94e1eaf5-12b9-406c-9abf-61f0609a49b7, sbt/terminalCapabilities, {"string":"key_f49"}})
[debug] jsonRpcRequest: JsonRpcRequestMessage(2.0, 496528f4-5d49-44dc-a4e5-5e12e67bfd91, sbt/terminalCapabilities, {"string":"key_f5"}})
[debug] jsonRpcRequest: JsonRpcRequestMessage(2.0, e0e01b0a-9de2-42a9-8284-d2e79821a5dd, sbt/terminalCapabilities, {"string":"key_f50"}})
[debug] jsonRpcRequest: JsonRpcRequestMessage(2.0, 8afe3053-08a7-4ae8-9210-22b5bd5d0d61, sbt/terminalCapabilities, {"string":"key_f51"}})
[debug] jsonRpcRequest: JsonRpcRequestMessage(2.0, 1ef4e465-5549-43f7-9f5a-c04b02422e0e, sbt/terminalCapabilities, {"string":"key_f52"}})
[debug] jsonRpcRequest: JsonRpcRequestMessage(2.0, 3d0d9d64-424c-48c4-a9fb-2c26de8aaf55, sbt/terminalCapabilities, {"string":"key_f53"}})
[debug] jsonRpcRequest: JsonRpcRequestMessage(2.0, 33c0d3f8-0069-4319-ae12-c047ab6ef54a, sbt/terminalCapabilities, {"string":"key_f54"}})
[debug] jsonRpcRequest: JsonRpcRequestMessage(2.0, bfb289ad-0688-4ee6-ba20-68a2ea23635b, sbt/terminalCapabilities, {"string":"key_f55"}})
[debug] jsonRpcRequest: JsonRpcRequestMessage(2.0, 0fa37be4-17cf-445e-902c-2bd4d1d8a06e, sbt/terminalCapabilities, {"string":"key_f56"}})
[debug] jsonRpcRequest: JsonRpcRequestMessage(2.0, dbd9bd67-7f8d-4744-a29f-e670f5ebdd67, sbt/terminalCapabilities, {"string":"key_f57"}})
[debug] jsonRpcRequest: JsonRpcRequestMessage(2.0, 67e2be60-5530-4a36-bca1-cc248ef7cc85, sbt/terminalCapabilities, {"string":"key_f58"}})
[debug] jsonRpcRequest: JsonRpcRequestMessage(2.0, 8add6736-1c2a-42a6-8dd8-acbc248cb713, sbt/terminalCapabilities, {"string":"key_f59"}})
[debug] jsonRpcRequest: JsonRpcRequestMessage(2.0, 8f8119fb-1324-4cd8-9c9a-5daab5126edf, sbt/terminalCapabilities, {"string":"key_f6"}})
[debug] jsonRpcRequest: JsonRpcRequestMessage(2.0, 3f78223c-ef99-422b-a5a3-1e2c66e314d9, sbt/terminalCapabilities, {"string":"key_f60"}})
[debug] jsonRpcRequest: JsonRpcRequestMessage(2.0, d6aad2b8-cd95-4988-a345-5ae72d04ba60, sbt/terminalCapabilities, {"string":"key_f61"}})
[debug] jsonRpcRequest: JsonRpcRequestMessage(2.0, 9d4576d0-6041-45c6-83be-d9562ef2155e, sbt/terminalCapabilities, {"string":"key_f62"}})
[debug] jsonRpcRequest: JsonRpcRequestMessage(2.0, fe5094fb-363f-44e3-ad65-f4099c997a30, sbt/terminalCapabilities, {"string":"key_f63"}})
[debug] jsonRpcRequest: JsonRpcRequestMessage(2.0, 50349488-01de-44af-84ad-c2f0f07e8582, sbt/terminalCapabilities, {"string":"key_f7"}})
[debug] jsonRpcRequest: JsonRpcRequestMessage(2.0, 6f4f67a0-2b9a-4634-b4fc-4391995f1fcf, sbt/terminalCapabilities, {"string":"key_f8"}})
[debug] jsonRpcRequest: JsonRpcRequestMessage(2.0, cdc32b86-0e56-410e-aa10-d68ceb45b9e9, sbt/terminalCapabilities, {"string":"key_f9"}})
[debug] jsonRpcRequest: JsonRpcRequestMessage(2.0, e2565044-f577-4934-a7e4-613602db4a46, sbt/terminalCapabilities, {"string":"key_find"}})
[debug] jsonRpcRequest: JsonRpcRequestMessage(2.0, 24c85641-19d9-46c2-8182-30e5d811360a, sbt/terminalCapabilities, {"string":"key_help"}})
[debug] jsonRpcRequest: JsonRpcRequestMessage(2.0, 7a280d48-38d4-45b9-8cf5-47eb549ebb01, sbt/terminalCapabilities, {"string":"key_home"}})
[debug] jsonRpcRequest: JsonRpcRequestMessage(2.0, 90821ac2-8a0e-47ca-a405-41635b7a16fe, sbt/terminalCapabilities, {"string":"key_ic"}})
[debug] jsonRpcRequest: JsonRpcRequestMessage(2.0, 12ee4e79-6335-410e-aeec-f38eaa8d7917, sbt/terminalCapabilities, {"string":"key_il"}})
[debug] jsonRpcRequest: JsonRpcRequestMessage(2.0, 0e028a3f-a411-42d7-a5c4-fce94f6da185, sbt/terminalCapabilities, {"string":"key_left"}})
[debug] jsonRpcRequest: JsonRpcRequestMessage(2.0, 1227652c-e831-462d-bf64-27d2a230a564, sbt/terminalCapabilities, {"string":"key_ll"}})
[debug] jsonRpcRequest: JsonRpcRequestMessage(2.0, a78a6357-2e70-4f72-890e-431c1748626a, sbt/terminalCapabilities, {"string":"key_mark"}})
[debug] jsonRpcRequest: JsonRpcRequestMessage(2.0, fa51f0a2-606e-4169-836f-d271a102e110, sbt/terminalCapabilities, {"string":"key_message"}})
[debug] jsonRpcRequest: JsonRpcRequestMessage(2.0, d47f1d59-ad3a-463c-aa25-10b2d5b1a96b, sbt/terminalCapabilities, {"string":"key_move"}})
[debug] jsonRpcRequest: JsonRpcRequestMessage(2.0, 29aa2b19-832f-4f0c-a2f3-829b438b78c1, sbt/terminalCapabilities, {"string":"key_next"}})
[debug] jsonRpcRequest: JsonRpcRequestMessage(2.0, da54bb6b-a114-4d9e-928b-c99758620c37, sbt/terminalCapabilities, {"string":"key_npage"}})
[debug] jsonRpcRequest: JsonRpcRequestMessage(2.0, 30f41297-b5db-4d57-ae56-dbb416a6267a, sbt/terminalCapabilities, {"string":"key_open"}})
[debug] jsonRpcRequest: JsonRpcRequestMessage(2.0, a1b30932-2530-4a02-a7cd-113b743bca6b, sbt/terminalCapabilities, {"string":"key_options"}})
[debug] jsonRpcRequest: JsonRpcRequestMessage(2.0, 618df0aa-ba22-4ad5-803d-5b4bc9addf59, sbt/terminalCapabilities, {"string":"key_ppage"}})
[debug] jsonRpcRequest: JsonRpcRequestMessage(2.0, 68117c01-54e0-467a-a512-2e35245f3306, sbt/terminalCapabilities, {"string":"key_previous"}})
[debug] jsonRpcRequest: JsonRpcRequestMessage(2.0, 424b11fc-455e-4b69-bdac-6f2f98fd6298, sbt/terminalCapabilities, {"string":"key_print"}})
[debug] jsonRpcRequest: JsonRpcRequestMessage(2.0, 1f68cc30-c9ac-4393-a874-4ee25a093e96, sbt/terminalCapabilities, {"string":"key_redo"}})
[debug] jsonRpcRequest: JsonRpcRequestMessage(2.0, 065d1890-1709-44f8-98d9-f17194253f67, sbt/terminalCapabilities, {"string":"key_reference"}})
[debug] jsonRpcRequest: JsonRpcRequestMessage(2.0, a1f916e0-36fb-48e4-99ae-2885abd54a6a, sbt/terminalCapabilities, {"string":"key_refresh"}})
[debug] jsonRpcRequest: JsonRpcRequestMessage(2.0, 6c5c9bfe-3172-4600-9a07-5d17c8f32aa6, sbt/terminalCapabilities, {"string":"key_replace"}})
[debug] jsonRpcRequest: JsonRpcRequestMessage(2.0, 10bcdb29-4bdd-44e0-bf43-411fe4f405db, sbt/terminalCapabilities, {"string":"key_restart"}})
[debug] jsonRpcRequest: JsonRpcRequestMessage(2.0, 10e92cf0-e9b6-4a48-98b2-c0c1fb0923d0, sbt/terminalCapabilities, {"string":"key_resume"}})
[debug] jsonRpcRequest: JsonRpcRequestMessage(2.0, bbc9e953-3b2f-415d-9578-cb2d572bd0ec, sbt/terminalCapabilities, {"string":"key_right"}})
[debug] jsonRpcRequest: JsonRpcRequestMessage(2.0, 44e738cb-5309-4ffc-877e-43980f3ba850, sbt/terminalCapabilities, {"string":"key_save"}})
[debug] jsonRpcRequest: JsonRpcRequestMessage(2.0, e6de568a-9cdf-4b7d-9049-83775bdcbe89, sbt/terminalCapabilities, {"string":"key_sbeg"}})
[debug] jsonRpcRequest: JsonRpcRequestMessage(2.0, fb0591d9-dfaf-4196-b21c-a98ca2be70f8, sbt/terminalCapabilities, {"string":"key_scancel"}})
[debug] jsonRpcRequest: JsonRpcRequestMessage(2.0, 5d91f1f7-4e39-477a-bcc2-04e49c28d3dc, sbt/terminalCapabilities, {"string":"key_scommand"}})
[debug] jsonRpcRequest: JsonRpcRequestMessage(2.0, 679df7f4-53a7-401a-9f9d-82cca306bd07, sbt/terminalCapabilities, {"string":"key_scopy"}})
[debug] jsonRpcRequest: JsonRpcRequestMessage(2.0, 0288061f-4932-48e2-bab3-78ad2b90abfb, sbt/terminalCapabilities, {"string":"key_screate"}})
[debug] jsonRpcRequest: JsonRpcRequestMessage(2.0, d97e665f-2008-455d-8b41-2170b82a0479, sbt/terminalCapabilities, {"string":"key_sdc"}})
[debug] jsonRpcRequest: JsonRpcRequestMessage(2.0, afcd34ca-175f-4628-95d3-c414f8da235d, sbt/terminalCapabilities, {"string":"key_sdl"}})
[debug] jsonRpcRequest: JsonRpcRequestMessage(2.0, 0ef506af-debc-46ba-b9ee-0421f47d9507, sbt/terminalCapabilities, {"string":"key_select"}})
[debug] jsonRpcRequest: JsonRpcRequestMessage(2.0, 237f06d5-3805-44e2-854c-5e04da0a8f66, sbt/terminalCapabilities, {"string":"key_send"}})
[debug] jsonRpcRequest: JsonRpcRequestMessage(2.0, a9fa5c6e-a45d-495b-aad4-d485e57694b2, sbt/terminalCapabilities, {"string":"key_seol"}})
[debug] jsonRpcRequest: JsonRpcRequestMessage(2.0, 06069a42-a1e2-434f-996b-27157129c16f, sbt/terminalCapabilities, {"string":"key_sexit"}})
[debug] jsonRpcRequest: JsonRpcRequestMessage(2.0, 57508b31-895a-4d55-8dea-b61d1666f7e1, sbt/terminalCapabilities, {"string":"key_sf"}})
[debug] jsonRpcRequest: JsonRpcRequestMessage(2.0, fffafd53-9691-4736-9550-22e2fa875de3, sbt/terminalCapabilities, {"string":"key_sfind"}})
[debug] jsonRpcRequest: JsonRpcRequestMessage(2.0, a7496011-6925-4d7d-98de-d9fb791eda2c, sbt/terminalCapabilities, {"string":"key_shelp"}})
[debug] jsonRpcRequest: JsonRpcRequestMessage(2.0, 87e90200-217f-46a7-a6d8-28caadbdb91f, sbt/terminalCapabilities, {"string":"key_shome"}})
[debug] jsonRpcRequest: JsonRpcRequestMessage(2.0, 392f1f25-13c0-4614-9b0a-4329845c0b5f, sbt/terminalCapabilities, {"string":"key_sic"}})
[debug] jsonRpcRequest: JsonRpcRequestMessage(2.0, acf8bd04-8ff9-4696-bacd-f50876102581, sbt/terminalCapabilities, {"string":"key_sleft"}})
[debug] jsonRpcRequest: JsonRpcRequestMessage(2.0, 514b5388-2197-4522-bd86-99e945ba5591, sbt/terminalCapabilities, {"string":"key_smessage"}})
[debug] jsonRpcRequest: JsonRpcRequestMessage(2.0, 37f82a3b-35c3-4761-9a96-8e5356c516f3, sbt/terminalCapabilities, {"string":"key_smove"}})
[debug] jsonRpcRequest: JsonRpcRequestMessage(2.0, 8a0b17d1-81b5-4d7c-ad52-e0570acef6e7, sbt/terminalCapabilities, {"string":"key_snext"}})
[debug] jsonRpcRequest: JsonRpcRequestMessage(2.0, a206f618-1a60-4731-8dfe-5f8a84be9e73, sbt/terminalCapabilities, {"string":"key_soptions"}})
[debug] jsonRpcRequest: JsonRpcRequestMessage(2.0, efad859e-c186-4b2e-a5e5-034a0062ccad, sbt/terminalCapabilities, {"string":"key_sprevious"}})
[debug] jsonRpcRequest: JsonRpcRequestMessage(2.0, b09626f9-facc-403c-859e-02f156b7da29, sbt/terminalCapabilities, {"string":"key_sprint"}})
[debug] jsonRpcRequest: JsonRpcRequestMessage(2.0, 69be173c-091b-45d4-b52b-15020c93e968, sbt/terminalCapabilities, {"string":"key_sr"}})
[debug] jsonRpcRequest: JsonRpcRequestMessage(2.0, 9c1e9106-ee9c-40d5-96df-6667efaac904, sbt/terminalCapabilities, {"string":"key_sredo"}})
[debug] jsonRpcRequest: JsonRpcRequestMessage(2.0, 83510707-08fb-49cc-877c-f38272acf3ec, sbt/terminalCapabilities, {"string":"key_sreplace"}})
[debug] jsonRpcRequest: JsonRpcRequestMessage(2.0, a879c11e-492c-4eb1-b63f-1080867bdd73, sbt/terminalCapabilities, {"string":"key_sright"}})
[debug] jsonRpcRequest: JsonRpcRequestMessage(2.0, d04b4029-e905-4052-8e6b-74f71710ebc0, sbt/terminalCapabilities, {"string":"key_srsume"}})
[debug] jsonRpcRequest: JsonRpcRequestMessage(2.0, 81f93ded-80ed-4ea7-bdb0-24809fa564fd, sbt/terminalCapabilities, {"string":"key_ssave"}})
[debug] jsonRpcRequest: JsonRpcRequestMessage(2.0, 73de335d-4726-4335-8f4d-ee81d3535933, sbt/terminalCapabilities, {"string":"key_ssuspend"}})
[debug] jsonRpcRequest: JsonRpcRequestMessage(2.0, 3b8dfce8-d61a-4e01-8d0f-07387ab08650, sbt/terminalCapabilities, {"string":"key_stab"}})
[debug] jsonRpcRequest: JsonRpcRequestMessage(2.0, 491a8f57-6ba5-458c-8e6a-4a74ef9017f3, sbt/terminalCapabilities, {"string":"key_sundo"}})
[debug] jsonRpcRequest: JsonRpcRequestMessage(2.0, 03b6f664-8f74-45ee-9f8e-3ef448f622e4, sbt/terminalCapabilities, {"string":"key_suspend"}})
[debug] jsonRpcRequest: JsonRpcRequestMessage(2.0, d1f91e6d-5e09-42d3-bcac-b6d7015b6cb0, sbt/terminalCapabilities, {"string":"key_undo"}})
[debug] jsonRpcRequest: JsonRpcRequestMessage(2.0, 62b6c294-2364-49c2-9e99-e057d0407aba, sbt/terminalCapabilities, {"string":"key_up"}})
[debug] jsonRpcRequest: JsonRpcRequestMessage(2.0, 6f8987fc-3718-43fa-9ff9-90a53ba16519, sbt/terminalCapabilities, {"string":"key_mouse"}})
[debug] jsonRpcRequest: JsonRpcRequestMessage(2.0, 13b9b1b8-e8bb-4dff-bb95-e10db295c938, sbt/terminalCapabilities, {"string":"key_up"}})
[debug] jsonRpcRequest: JsonRpcRequestMessage(2.0, d1eab228-e0e3-4859-a87f-7b7538bad224, sbt/terminalCapabilities, {"string":"key_down"}})
[debug] jsonRpcRequest: JsonRpcRequestMessage(2.0, 44a80c0b-c467-410b-8522-d294b9859e5e, sbt/terminalCapabilities, {"string":"key_left"}})
[debug] jsonRpcRequest: JsonRpcRequestMessage(2.0, f2629ba5-0f66-4fa4-afd9-13df380f42d6, sbt/terminalCapabilities, {"string":"key_right"}})
[debug] jsonRpcRequest: JsonRpcRequestMessage(2.0, 73a62799-f650-4f56-b7a8-ccc774d7df37, sbt/terminalCapabilities, {"string":"key_home"}})
[debug] jsonRpcRequest: JsonRpcRequestMessage(2.0, e445e698-ba9b-4c06-b32e-c220b7da4eb8, sbt/terminalCapabilities, {"string":"key_end"}})
[debug] jsonRpcRequest: JsonRpcRequestMessage(2.0, 89a8ec5c-5c57-4cab-ab4d-568ebc38db17, sbt/terminalCapabilities, {"string":"key_dc"}})
[debug] jsonRpcRequest: JsonRpcRequestMessage(2.0, 1b902893-0c17-4b5a-a59e-34acceac92c8, sbt/terminalCapabilities, {"string":"key_dl"}})
[debug] jsonRpcRequest: JsonRpcRequestMessage(2.0, fefecaf5-7e2b-49a3-9fc5-aa0d26c50a76, sbt/terminalCapabilities, {"string":"key_ic"}})
[debug] jsonRpcRequest: JsonRpcRequestMessage(2.0, fe74fb54-9029-411f-a97e-1204dfc9fcef, sbt/terminalCapabilities, {"string":"key_mouse"}})
[debug] jsonRpcRequest: JsonRpcRequestMessage(2.0, a924024b-e251-4f60-80fe-38bd1e1b1bbe, sbt/terminalCapabilities, {"string":"back_tab"}})
[debug] jsonRpcRequest: JsonRpcRequestMessage(2.0, c0c7d4c3-7b6d-4645-854e-42d8c547deeb, sbt/terminalCapabilities, {"string":"key_up"}})
[debug] jsonRpcRequest: JsonRpcRequestMessage(2.0, 4eaf23a7-c4e5-4526-8d16-1e972150e1eb, sbt/terminalCapabilities, {"string":"key_down"}})
[debug] jsonRpcRequest: JsonRpcRequestMessage(2.0, 3c1e5c4e-841c-469b-9644-cd69bcf91e68, sbt/terminalCapabilities, {"string":"key_left"}})
[debug] jsonRpcRequest: JsonRpcRequestMessage(2.0, b9693805-a5c0-4c88-aa52-f94f2c180cb5, sbt/terminalCapabilities, {"string":"key_right"}})
[debug] jsonRpcRequest: JsonRpcRequestMessage(2.0, a497f88d-384d-4c3f-8381-2c6647cb5ab2, sbt/terminalCapabilities, {"string":"key_home"}})
[debug] jsonRpcRequest: JsonRpcRequestMessage(2.0, 49f13213-9d45-4308-a3a1-98220f6e6bf2, sbt/terminalCapabilities, {"string":"key_end"}})
[debug] jsonRpcRequest: JsonRpcRequestMessage(2.0, 5a6caf32-4ab5-4fb1-b75b-01c137b37b7f, sbt/terminalCapabilities, {"string":"key_dc"}})
[debug] jsonRpcRequest: JsonRpcRequestMessage(2.0, 51035415-bdd1-4b09-b2f5-9be2e16ba675, sbt/terminalCapabilities, {"string":"key_dl"}})
[debug] jsonRpcRequest: JsonRpcRequestMessage(2.0, 75cfb868-f2a7-4f2f-b6a3-8ce5608f7d68, sbt/terminalCapabilities, {"string":"key_ic"}})
[debug] jsonRpcRequest: JsonRpcRequestMessage(2.0, 7f781a2c-3bc8-48b5-a216-0bee0b1ddd81, sbt/terminalCapabilities, {"string":"key_mouse"}})
[debug] jsonRpcRequest: JsonRpcRequestMessage(2.0, d1031fff-672f-4af4-b2f2-f4b2ae66938c, sbt/terminalCapabilities, {"string":"key_up"}})
[debug] jsonRpcRequest: JsonRpcRequestMessage(2.0, d357619d-176e-43fd-b4a3-16e37a7d81db, sbt/terminalCapabilities, {"string":"key_down"}})
[debug] jsonRpcRequest: JsonRpcRequestMessage(2.0, 74ce1ada-5e77-4fe1-88b5-5f3a9c67e250, sbt/terminalCapabilities, {"string":"key_up"}})
[debug] jsonRpcRequest: JsonRpcRequestMessage(2.0, d429f001-fe98-49bc-9a5f-e09872ce764c, sbt/terminalCapabilities, {"string":"key_down"}})
[debug] jsonRpcRequest: JsonRpcRequestMessage(2.0, c9fd6f70-9d0d-47de-93a8-84ff34b1a638, sbt/getTerminalAttributes, {}})
[debug] jsonRpcRequest: JsonRpcRequestMessage(2.0, 8d795395-1369-4805-89db-e77a4971cfce, sbt/terminalCapabilities, {"string":"insert_line"}})
[debug] jsonRpcRequest: JsonRpcRequestMessage(2.0, c6dd1b70-d3ad-4384-bdbf-7f2df5cc875d, sbt/terminalCapabilities, {"string":"delete_line"}})
[debug] jsonRpcRequest: JsonRpcRequestMessage(2.0, 03b11edd-1624-43ed-8d8b-54b306af47dd, sbt/terminalCapabilities, {"boolean":"auto_right_margin"}})
[debug] jsonRpcRequest: JsonRpcRequestMessage(2.0, 2fa376e1-d51d-4a71-a1bc-4bbf43aa6db7, sbt/terminalCapabilities, {"boolean":"eat_newline_glitch"}})
[debug] jsonRpcRequest: JsonRpcRequestMessage(2.0, 68491fb2-128d-4ba2-8f8d-6b49c5b35abf, sbt/terminalCapabilities, {"string":"cursor_down"}})
[debug] jsonRpcRequest: JsonRpcRequestMessage(2.0, 7801389c-a72a-4595-a257-b1fcc9b6efeb, sbt/terminalSetRawMode, {"toggle":true}})
[debug] jsonRpcRequest: JsonRpcRequestMessage(2.0, 50c31e44-d1bf-4fb6-95f9-a27f9ab9b8d1, sbt/getTerminalAttributes, {}})
[debug] jsonRpcRequest: JsonRpcRequestMessage(2.0, 13248221-0fa8-48b5-b570-21fa707e6931, sbt/terminalCapabilities, {"string":"insert_line"}})
[debug] jsonRpcRequest: JsonRpcRequestMessage(2.0, 33e89bbc-5fda-453e-8ee0-2a7a5d8387d2, sbt/terminalCapabilities, {"string":"delete_line"}})
[debug] jsonRpcRequest: JsonRpcRequestMessage(2.0, 0a2fdc55-27eb-47b3-a8a5-4e21237417d5, sbt/terminalCapabilities, {"boolean":"auto_right_margin"}})
[debug] jsonRpcRequest: JsonRpcRequestMessage(2.0, 4dbee678-6ceb-4f8d-9608-38f33a023386, sbt/terminalCapabilities, {"boolean":"eat_newline_glitch"}})
[debug] jsonRpcRequest: JsonRpcRequestMessage(2.0, 69823109-bca7-478f-9eee-f7361bdd67a5, sbt/terminalCapabilities, {"string":"cursor_down"}})
[debug] jsonRpcRequest: JsonRpcRequestMessage(2.0, 8940bddc-034d-45d0-b8ce-50a91e68e126, sbt/terminalCapabilities, {"string":"keypad_xmit"}})
[debug] jsonRpcRequest: JsonRpcRequestMessage(2.0, fd8a0d2a-a698-4fd1-99a2-c2efc64c2dc3, sbt/terminalCapabilities, {"numeric":"max_colors"}})
[debug] jsonRpcRequest: JsonRpcRequestMessage(2.0, 78ec4a0d-0d38-405d-8713-dbbb434f1269, sbt/terminalCapabilities, {"numeric":"max_colors"}})
[debug] jsonRpcRequest: JsonRpcRequestMessage(2.0, 77758d20-2209-4eae-afdd-27478beadf7f, sbt/terminalCapabilities, {"string":"enter_alt_charset_mode"}})
[debug] jsonRpcRequest: JsonRpcRequestMessage(2.0, 1704ef0e-5faa-4029-8594-1bf4ba91690d, sbt/terminalCapabilities, {"string":"exit_alt_charset_mode"}})
[debug] jsonRpcNotify: JsonRpcNotificationMessage(2.0, sbt/readSystemIn, "")
[debug] jsonRpcRequest: JsonRpcRequestMessage(2.0, 54edc31a-55d7-46fb-8b19-d07d3fad755c, sbt/terminalCapabilities, {"numeric":"max_colors"}})
[debug] jsonRpcRequest: JsonRpcRequestMessage(2.0, 31f5740c-c95a-409a-b6e7-24cd9724b71a, sbt/terminalCapabilities, {"numeric":"max_colors"}})
[debug] jsonRpcRequest: JsonRpcRequestMessage(2.0, 1f293e04-bd8f-418c-9124-ccf78ff68aa0, sbt/terminalCapabilities, {"string":"enter_alt_charset_mode"}})
[debug] jsonRpcRequest: JsonRpcRequestMessage(2.0, 39a56ff5-abe2-43cb-8069-ea7241109156, sbt/terminalCapabilities, {"string":"exit_alt_charset_mode"}})
[debug] jsonRpcNotify: JsonRpcNotificationMessage(2.0, sbt/readSystemIn, "")
[debug] jsonRpcRequest: JsonRpcRequestMessage(2.0, ad72e97f-22b7-4050-9af7-0b1e163b383b, sbt/terminalCapabilities, {"numeric":"max_colors"}})
[debug] jsonRpcRequest: JsonRpcRequestMessage(2.0, 8dea0084-439c-4ff7-99a3-74495c2b4267, sbt/terminalCapabilities, {"numeric":"max_colors"}})
[debug] jsonRpcRequest: JsonRpcRequestMessage(2.0, 17e98625-4c87-435f-a8e3-86d7f6fd3b83, sbt/terminalCapabilities, {"string":"enter_alt_charset_mode"}})
[debug] jsonRpcRequest: JsonRpcRequestMessage(2.0, fe1f586c-8776-4fb2-b008-c3f01c114de1, sbt/terminalCapabilities, {"string":"exit_alt_charset_mode"}})
[debug] jsonRpcNotify: JsonRpcNotificationMessage(2.0, sbt/readSystemIn, "")
[debug] jsonRpcRequest: JsonRpcRequestMessage(2.0, 76b59e91-1bba-4dab-b59a-8464f30e1767, sbt/terminalCapabilities, {"numeric":"max_colors"}})
[debug] jsonRpcRequest: JsonRpcRequestMessage(2.0, 991efbca-a267-4d73-9b8f-63d2faa0c815, sbt/terminalCapabilities, {"numeric":"max_colors"}})
[debug] jsonRpcRequest: JsonRpcRequestMessage(2.0, 48830f27-a522-4edc-9f28-1f00f865b4a0, sbt/terminalCapabilities, {"string":"enter_alt_charset_mode"}})
[debug] jsonRpcRequest: JsonRpcRequestMessage(2.0, d61e16f3-761c-4fb3-be75-2dfe3d1f0e26, sbt/terminalCapabilities, {"string":"exit_alt_charset_mode"}})
[debug] jsonRpcNotify: JsonRpcNotificationMessage(2.0, sbt/readSystemIn, "")
[debug] jsonRpcRequest: JsonRpcRequestMessage(2.0, 9ee86c5e-788d-4030-a414-56d8abc6d110, sbt/terminalCapabilities, {"numeric":"max_colors"}})
[debug] jsonRpcRequest: JsonRpcRequestMessage(2.0, d04182c5-fc03-4e85-a4ff-d0920081ddb5, sbt/terminalCapabilities, {"numeric":"max_colors"}})
[debug] jsonRpcRequest: JsonRpcRequestMessage(2.0, 3e63e371-a952-4bae-a4c7-d355e0e52f85, sbt/terminalCapabilities, {"string":"enter_alt_charset_mode"}})
[debug] jsonRpcRequest: JsonRpcRequestMessage(2.0, a67f4edf-4044-4ca0-8eca-b6050f6fbd4e, sbt/terminalCapabilities, {"string":"exit_alt_charset_mode"}})
[debug] jsonRpcNotify: JsonRpcNotificationMessage(2.0, sbt/readSystemIn, "")
[debug] jsonRpcRequest: JsonRpcRequestMessage(2.0, 9ce78257-244b-4bfa-8c2f-92ee98352b7c, sbt/terminalCapabilities, {"numeric":"max_colors"}})
[debug] jsonRpcRequest: JsonRpcRequestMessage(2.0, c1c1a086-c299-400e-8b2b-8bc32eb374d2, sbt/terminalCapabilities, {"numeric":"max_colors"}})
[debug] jsonRpcRequest: JsonRpcRequestMessage(2.0, 956aec99-9cdf-4e83-8001-22997fee6144, sbt/terminalCapabilities, {"string":"enter_alt_charset_mode"}})
[debug] jsonRpcRequest: JsonRpcRequestMessage(2.0, 4d9516f2-9e57-4523-8a6d-62042e9db5f4, sbt/terminalCapabilities, {"string":"exit_alt_charset_mode"}})
[debug] jsonRpcNotify: JsonRpcNotificationMessage(2.0, sbt/readSystemIn, "")
[debug] jsonRpcRequest: JsonRpcRequestMessage(2.0, 5a275843-7be2-4d16-a19a-3254cebfa032, sbt/terminalCapabilities, {"numeric":"max_colors"}})
[debug] jsonRpcRequest: JsonRpcRequestMessage(2.0, fdc3d7ab-2fb8-4daf-b9b2-93d2daf2b495, sbt/terminalCapabilities, {"numeric":"max_colors"}})
[debug] jsonRpcRequest: JsonRpcRequestMessage(2.0, 526af88c-9d39-45b3-acdb-c79c46fd276f, sbt/terminalCapabilities, {"string":"enter_alt_charset_mode"}})
[debug] jsonRpcRequest: JsonRpcRequestMessage(2.0, deb525f3-a465-4094-a731-2f5ed08d2dd8, sbt/terminalCapabilities, {"string":"exit_alt_charset_mode"}})
[debug] jsonRpcNotify: JsonRpcNotificationMessage(2.0, sbt/readSystemIn, "")
[debug] jsonRpcRequest: JsonRpcRequestMessage(2.0, 53caf2bf-326f-4456-ac9a-e4839c0835cb, sbt/terminalCapabilities, {"numeric":"max_colors"}})
[debug] jsonRpcRequest: JsonRpcRequestMessage(2.0, 0ae54901-badf-4085-8bb6-f87d1a0acba1, sbt/terminalCapabilities, {"numeric":"max_colors"}})
[debug] jsonRpcRequest: JsonRpcRequestMessage(2.0, 7182f9f9-da09-4df6-bd99-80bfcf19c56a, sbt/terminalCapabilities, {"string":"enter_alt_charset_mode"}})
[debug] jsonRpcRequest: JsonRpcRequestMessage(2.0, fa9bab8c-8fd2-465a-821c-0f58ae20d78c, sbt/terminalCapabilities, {"string":"exit_alt_charset_mode"}})
[debug] jsonRpcNotify: JsonRpcNotificationMessage(2.0, sbt/readSystemIn, "")
[debug] jsonRpcRequest: JsonRpcRequestMessage(2.0, aea494d5-f4c1-4c1d-a023-835135c99c93, sbt/terminalCapabilities, {"numeric":"max_colors"}})
[debug] jsonRpcRequest: JsonRpcRequestMessage(2.0, ae2d6f18-8037-4b8e-b6f3-97db49510dab, sbt/terminalCapabilities, {"string":"carriage_return"}})
[debug] jsonRpcRequest: JsonRpcRequestMessage(2.0, 7da300f0-f23a-4a8e-8ad8-7a5c721e1907, sbt/terminalCapabilities, {"string":"keypad_local"}})
[debug] jsonRpcRequest: JsonRpcRequestMessage(2.0, 87eeff8b-c5b1-4a89-a274-20073ea7fe8f, sbt/terminalCapabilities, {"string":"key_mouse"}})
[debug] jsonRpcRequest: JsonRpcRequestMessage(2.0, 1cf10259-aebf-4611-a47f-f8a6e1c6e792, sbt/terminalSetRawMode, {"toggle":false}})
