[0m[[0m[0mdebug[0m] [0m[0m> Exec(Grading/test, Some(e91f810a-1440-4d59-94c7-3df315823728), Some(CommandSource(console0)))[0m
[0m[[0m[0mdebug[0m] [0m[0mEvaluating tasks: Grading / test[0m
[0m[[0m[0mdebug[0m] [0m[0mRunning task... Cancel: Signal, check cycles: false, forcegc: true[0m
[0m[[0m[0minfo[0m] [0m[0mcompiling 1 Scala source to /Users/ernestobocini/epflCourses/cs-210-FP/cs210-funsets/target/scala-3.2.0/classes ...[0m
[0m[[0m[31merror[0m] [0m[0m[31m[31m-- Error: /Users/ernestobocini/epflCourses/cs-210-FP/cs210-funsets/src/main/scala/funsets/FunSets.scala:22:24 [0m[0m[0m
[0m[[0m[31merror[0m] [0m[0m[31m22 |[0m    (value:[35mInt[0m):[35mBoolean[0m = elem == value[0m
[0m[[0m[31merror[0m] [0m[0m[31m[31m   |[0m                        ^[0m[0m
[0m[[0m[31merror[0m] [0m[0m[31m   |[0m                        end of statement expected but '=' found[0m
[0m[[0m[31merror[0m] [0m[0m[31m[31m-- [E006] Not Found Error: /Users/ernestobocini/epflCourses/cs-210-FP/cs210-funsets/src/main/scala/funsets/FunSets.scala:22:5 [0m[0m[0m
[0m[[0m[31merror[0m] [0m[0m[31m22 |[0m    (value:[35mInt[0m):[35mBoolean[0m = elem == value[0m
[0m[[0m[31merror[0m] [0m[0m[31m[31m   |[0m     ^^^^^[0m[0m
[0m[[0m[31merror[0m] [0m[0m[31m   |[0m     Not found: value[0m
[0m[[0m[31merror[0m] [0m[0m[31m   |[0m[0m
[0m[[0m[31merror[0m] [0m[0m[31m   |[0m longer explanation available when compiling with `-explain`[0m
[0m[[0m[31merror[0m] [0m[0mtwo errors found[0m
[0m[[0m[0mdebug[0m] [0m[0mForcing garbage collection...[0m
[0m[[0m[31merror[0m] [0m[0m(Compile / [31mcompileIncremental[0m) Compilation failed[0m
[0m[[0m[31merror[0m] [0m[0mTotal time: 2 s, completed 28-set-2022 14.48.25[0m
[0m[[0m[0mdebug[0m] [0m[0m> Exec(shell, None, None)[0m
[0m[[0m[0minfo[0m] [0m[0mshutting down sbt server[0m
